2025-07-19 16:32:09,080 - INFO - Pipeline scheduler initialized. Log file: C:\Users\my notebook\Desktop\BlakeJackson\weekly_output\pipeline_20250719_163209.log
2025-07-19 16:32:09,108 - INFO - Starting integrated Broward County Lis Pendens scraping and processing...
2025-07-19 16:32:09,108 - INFO - Target date range: Last 7 days
2025-07-19 16:32:09,108 - INFO - Starting Broward County Lis Pendens scraping...
2025-07-19 16:32:09,108 - INFO - Target date range: Last 7 days
2025-07-19 16:32:09,603 - INFO - Creating stealth browser...
2025-07-19 16:32:09,809 - INFO - Navigating to: https://officialrecords.broward.org/AcclaimWeb/search/SearchTypeDocType
2025-07-19 16:32:17,368 - INFO - Accepting disclaimer...
2025-07-19 16:32:18,980 - INFO - Disclaimer accepted successfully
2025-07-19 16:32:21,650 - INFO - Selecting LIS PENDENS document type...
2025-07-19 16:32:25,748 - INFO - LIS PENDENS document type selected successfully
2025-07-19 16:32:28,150 - INFO - Setting date range to last 7 days using dropdown...
2025-07-19 16:32:29,370 - INFO - Selecting 'Last 7 Days' from dropdown
2025-07-19 16:32:31,004 - INFO - Date range set successfully using dropdown: Last 7 Days
2025-07-19 16:32:33,630 - INFO - Performing search...
2025-07-19 16:32:35,051 - INFO - Waiting for search results...
2025-07-19 16:32:54,347 - WARNING - Could not find results indicator: Page.wait_for_selector: Timeout 15000ms exceeded.
Call log:
  - waiting for locator("text=Displaying items") to be visible

2025-07-19 16:32:54,355 - ERROR - Could not verify search completion
2025-07-19 16:32:54,356 - ERROR - Scraping failed: Failed to perform search
2025-07-19 16:32:54,442 - ERROR - Scraping failed or no results found, cannot proceed with processing
2025-07-19 16:32:54,442 - ERROR - Broward scraping failed - no file created
